[2022-07-29 21:03:18.008] [exthost] [info] extension host started
[2022-07-29 21:03:18.008] [exthost] [info] Skipping acquiring lock for /var/www/react_practice/react_redux/.vscode/User/workspaceStorage/e71dce266ebba242bc990f59871f9005.
[2022-07-29 21:03:18.090] [exthost] [info] ExtensionService#_doActivateExtension vscode.microsoft-authentication {"startup":false,"extensionId":{"value":"vscode.microsoft-authentication","_lower":"vscode.microsoft-authentication"},"activationEvent":"onAuthenticationRequest:microsoft"}
[2022-07-29 21:03:18.090] [exthost] [info] ExtensionService#loadCommonJSModule file:///usr/share/code/resources/app/extensions/microsoft-authentication/dist/extension.js
[2022-07-29 21:03:18.127] [exthost] [info] ExtensionService#_doActivateExtension vscode.debug-auto-launch {"startup":true,"extensionId":{"value":"vscode.debug-auto-launch","_lower":"vscode.debug-auto-launch"},"activationEvent":"*"}
[2022-07-29 21:03:18.127] [exthost] [info] ExtensionService#loadCommonJSModule file:///usr/share/code/resources/app/extensions/debug-auto-launch/dist/extension
[2022-07-29 21:03:18.130] [exthost] [info] ExtensionService#_doActivateExtension vscode.git {"startup":true,"extensionId":{"value":"vscode.github","_lower":"vscode.github"},"activationEvent":"*"}
[2022-07-29 21:03:18.130] [exthost] [info] ExtensionService#loadCommonJSModule file:///usr/share/code/resources/app/extensions/git/dist/main
[2022-07-29 21:03:18.186] [exthost] [info] ExtensionService#_doActivateExtension vscode.npm {"startup":true,"extensionId":{"value":"vscode.npm","_lower":"vscode.npm"},"activationEvent":"workspaceContains:package.json"}
[2022-07-29 21:03:18.186] [exthost] [info] ExtensionService#loadCommonJSModule file:///usr/share/code/resources/app/extensions/npm/dist/npmMain
[2022-07-29 21:03:18.283] [exthost] [info] ExtensionService#_doActivateExtension vscode.github {"startup":true,"extensionId":{"value":"vscode.github","_lower":"vscode.github"},"activationEvent":"*"}
[2022-07-29 21:03:18.284] [exthost] [info] ExtensionService#loadCommonJSModule file:///usr/share/code/resources/app/extensions/github/dist/extension.js
[2022-07-29 21:03:18.310] [exthost] [info] ExtensionService#_doActivateExtension ms-vscode.js-debug {"startup":false,"extensionId":{"value":"ms-vscode.js-debug","_lower":"ms-vscode.js-debug"},"activationEvent":"onCommand:extension.js-debug.clearAutoAttachVariables"}
[2022-07-29 21:03:18.310] [exthost] [info] ExtensionService#loadCommonJSModule file:///usr/share/code/resources/app/extensions/ms-vscode.js-debug/src/extension.js
[2022-07-29 21:03:18.474] [exthost] [info] ExtensionService#_doActivateExtension vscode.github-authentication {"startup":false,"extensionId":{"value":"vscode.github-authentication","_lower":"vscode.github-authentication"},"activationEvent":"onAuthenticationRequest:github"}
[2022-07-29 21:03:18.474] [exthost] [info] ExtensionService#loadCommonJSModule file:///usr/share/code/resources/app/extensions/github-authentication/dist/extension.js
[2022-07-29 21:03:18.524] [exthost] [info] eager extensions activated
[2022-07-29 21:03:18.532] [exthost] [info] ExtensionService#_doActivateExtension vscode.emmet {"startup":false,"extensionId":{"value":"vscode.emmet","_lower":"vscode.emmet"},"activationEvent":"onStartupFinished"}
[2022-07-29 21:03:18.532] [exthost] [info] ExtensionService#loadCommonJSModule file:///usr/share/code/resources/app/extensions/emmet/dist/node/emmetNodeMain
[2022-07-29 21:03:18.545] [exthost] [info] ExtensionService#_doActivateExtension vscode.merge-conflict {"startup":false,"extensionId":{"value":"vscode.merge-conflict","_lower":"vscode.merge-conflict"},"activationEvent":"onStartupFinished"}
[2022-07-29 21:03:18.545] [exthost] [info] ExtensionService#loadCommonJSModule file:///usr/share/code/resources/app/extensions/merge-conflict/dist/mergeConflictMain
[2022-07-29 21:03:19.792] [exthost] [info] ExtensionService#_doActivateExtension ritwickdey.LiveServer {"startup":false,"extensionId":{"value":"ritwickdey.LiveServer","_lower":"ritwickdey.liveserver"},"activationEvent":"onStartupFinished"}
[2022-07-29 21:03:19.792] [exthost] [info] ExtensionService#loadCommonJSModule file:///root/.vscode/extensions/ritwickdey.liveserver-5.7.5/out/src/extension.js
[2022-07-29 21:03:19.982] [exthost] [info] ExtensionService#_doActivateExtension zenclabs.previewjs {"startup":false,"extensionId":{"value":"zenclabs.previewjs","_lower":"zenclabs.previewjs"},"activationEvent":"onStartupFinished"}
[2022-07-29 21:03:19.982] [exthost] [info] ExtensionService#loadCommonJSModule file:///root/.vscode/extensions/zenclabs.previewjs-1.9.0/dist/index.js
[2022-07-29 21:04:55.592] [exthost] [info] ExtensionService#_doActivateExtension vscode.configuration-editing {"startup":false,"extensionId":{"value":"vscode.configuration-editing","_lower":"vscode.configuration-editing"},"activationEvent":"onLanguage:json"}
[2022-07-29 21:04:55.593] [exthost] [info] ExtensionService#loadCommonJSModule file:///usr/share/code/resources/app/extensions/configuration-editing/dist/configurationEditingMain
[2022-07-29 21:04:55.623] [exthost] [info] ExtensionService#_doActivateExtension vscode.extension-editing {"startup":false,"extensionId":{"value":"vscode.extension-editing","_lower":"vscode.extension-editing"},"activationEvent":"onLanguage:json"}
[2022-07-29 21:04:55.623] [exthost] [info] ExtensionService#loadCommonJSModule file:///usr/share/code/resources/app/extensions/extension-editing/dist/extensionEditingMain
[2022-07-29 21:04:55.647] [exthost] [info] ExtensionService#_doActivateExtension vscode.json-language-features {"startup":false,"extensionId":{"value":"vscode.json-language-features","_lower":"vscode.json-language-features"},"activationEvent":"onLanguage:json"}
[2022-07-29 21:04:55.647] [exthost] [info] ExtensionService#loadCommonJSModule file:///usr/share/code/resources/app/extensions/json-language-features/client/dist/node/jsonClientMain
[2022-07-29 21:04:55.908] [exthost] [info] ExtensionService#_doActivateExtension vscode.typescript-language-features {"startup":false,"extensionId":{"value":"vscode.typescript-language-features","_lower":"vscode.typescript-language-features"},"activationEvent":"onLanguage:jsonc"}
[2022-07-29 21:04:55.908] [exthost] [info] ExtensionService#loadCommonJSModule file:///usr/share/code/resources/app/extensions/typescript-language-features/dist/extension
[2022-07-29 21:06:40.731] [exthost] [warning] [Decorations] CAPPING events from decorations provider vscode.git 479
[2022-07-29 21:06:42.419] [exthost] [warning] [Decorations] CAPPING events from decorations provider vscode.git 479
[2022-07-29 21:06:47.463] [exthost] [warning] [Decorations] CAPPING events from decorations provider vscode.git 479
[2022-07-29 21:06:54.251] [exthost] [warning] [Decorations] CAPPING events from decorations provider vscode.git 479
[2022-07-29 21:06:59.292] [exthost] [warning] [Decorations] CAPPING events from decorations provider vscode.git 479
[2022-07-29 21:07:04.331] [exthost] [warning] [Decorations] CAPPING events from decorations provider vscode.git 479
[2022-07-29 21:07:09.373] [exthost] [warning] [Decorations] CAPPING events from decorations provider vscode.git 479
[2022-07-29 21:07:14.412] [exthost] [warning] [Decorations] CAPPING events from decorations provider vscode.git 479
[2022-07-29 21:07:19.461] [exthost] [warning] [Decorations] CAPPING events from decorations provider vscode.git 479
[2022-07-29 21:07:24.569] [exthost] [warning] [Decorations] CAPPING events from decorations provider vscode.git 479
[2022-07-29 21:07:29.679] [exthost] [warning] [Decorations] CAPPING events from decorations provider vscode.git 479
[2022-07-29 21:07:34.732] [exthost] [warning] [Decorations] CAPPING events from decorations provider vscode.git 479
[2022-07-29 21:07:39.773] [exthost] [warning] [Decorations] CAPPING events from decorations provider vscode.git 479
[2022-07-29 21:07:44.813] [exthost] [warning] [Decorations] CAPPING events from decorations provider vscode.git 479
[2022-07-29 21:07:49.857] [exthost] [warning] [Decorations] CAPPING events from decorations provider vscode.git 479
[2022-07-29 21:07:54.900] [exthost] [warning] [Decorations] CAPPING events from decorations provider vscode.git 479
